Using pre-set license
Built from '2021.3/staging' branch; Version is '2021.3.11f1 (0a5ca18544bf) revision 679073'; Using compiler version '192829333'; Build Type 'Release'
OS: 'Windows 10  (10.0.19043) 64bit Professional' Language: 'ru' Physical Memory: 7980 MB
BatchMode: 1, IsHumanControllingUs: 0, StartBugReporterOnCrash: 0, Is64bit: 1, IsPro: 1

COMMAND LINE ARGUMENTS:
F:\Leonid Programmes\Unity\Unity\2021.3.11f1\Editor\Unity.exe
-adb2
-batchMode
-noUpm
-name
AssetImportWorker2
-projectPath
F:/Leonid Programmes/Unity/Projects/laser/Sandbox
-logFile
Logs/AssetImportWorker2.log
-srvPort
21742
Successfully changed project path to: F:/Leonid Programmes/Unity/Projects/laser/Sandbox
F:/Leonid Programmes/Unity/Projects/laser/Sandbox
[UnityMemory] Configuration Parameters - Can be set up in boot.config
    "memorysetup-bucket-allocator-granularity=16"
    "memorysetup-bucket-allocator-bucket-count=8"
    "memorysetup-bucket-allocator-block-size=33554432"
    "memorysetup-bucket-allocator-block-count=8"
    "memorysetup-main-allocator-block-size=16777216"
    "memorysetup-thread-allocator-block-size=16777216"
    "memorysetup-gfx-main-allocator-block-size=16777216"
    "memorysetup-gfx-thread-allocator-block-size=16777216"
    "memorysetup-cache-allocator-block-size=4194304"
    "memorysetup-typetree-allocator-block-size=2097152"
    "memorysetup-profiler-bucket-allocator-granularity=16"
    "memorysetup-profiler-bucket-allocator-bucket-count=8"
    "memorysetup-profiler-bucket-allocator-block-size=33554432"
    "memorysetup-profiler-bucket-allocator-block-count=8"
    "memorysetup-profiler-allocator-block-size=16777216"
    "memorysetup-profiler-editor-allocator-block-size=1048576"
    "memorysetup-temp-allocator-size-main=16777216"
    "memorysetup-job-temp-allocator-block-size=2097152"
    "memorysetup-job-temp-allocator-block-size-background=1048576"
    "memorysetup-job-temp-allocator-reduction-small-platforms=262144"
    "memorysetup-temp-allocator-size-background-worker=32768"
    "memorysetup-temp-allocator-size-job-worker=262144"
    "memorysetup-temp-allocator-size-preload-manager=33554432"
    "memorysetup-temp-allocator-size-nav-mesh-worker=65536"
    "memorysetup-temp-allocator-size-audio-worker=65536"
    "memorysetup-temp-allocator-size-cloud-worker=32768"
    "memorysetup-temp-allocator-size-gi-baking-worker=262144"
    "memorysetup-temp-allocator-size-gfx=262144"
Refreshing native plugins compatible for Editor in 117.16 ms, found 4 plugins.
Preloading 0 native plugins for Editor in 0.00 ms.
Initialize engine version: 2021.3.11f1 (0a5ca18544bf)
[Subsystems] Discovering subsystems at path F:/Leonid Programmes/Unity/Unity/2021.3.11f1/Editor/Data/Resources/UnitySubsystems
[Subsystems] Discovering subsystems at path F:/Leonid Programmes/Unity/Projects/laser/Sandbox/Assets
GfxDevice: creating device client; threaded=0; jobified=0
Direct3D:
    Version:  Direct3D 11.0 [level 11.1]
    Renderer: NVIDIA GeForce GTX 1060 6GB (ID=0x1c03)
    Vendor:   NVIDIA
    VRAM:     6052 MB
    Driver:   31.0.15.1748
Initialize mono
Mono path[0] = 'F:/Leonid Programmes/Unity/Unity/2021.3.11f1/Editor/Data/Managed'
Mono path[1] = 'F:/Leonid Programmes/Unity/Unity/2021.3.11f1/Editor/Data/MonoBleedingEdge/lib/mono/unityjit-win32'
Mono config path = 'F:/Leonid Programmes/Unity/Unity/2021.3.11f1/Editor/Data/MonoBleedingEdge/etc'
Using monoOptions --debugger-agent=transport=dt_socket,embedding=1,server=y,suspend=n,address=127.0.0.1:56532
Begin MonoManager ReloadAssembly
Registering precompiled unity dll's ...
Register platform support module: F:/Leonid Programmes/Unity/Unity/2021.3.11f1/Editor/Data/PlaybackEngines/WindowsStandaloneSupport/UnityEditor.WindowsStandalone.Extensions.dll
Registered in 0.010192 seconds.
Native extension for WindowsStandalone target not found
Refreshing native plugins compatible for Editor in 113.31 ms, found 4 plugins.
Preloading 0 native plugins for Editor in 0.00 ms.
Mono: successfully reloaded assembly
- Completed reload, in  0.833 seconds
Domain Reload Profiling:
	ReloadAssembly (834ms)
		BeginReloadAssembly (96ms)
			ExecutionOrderSort (0ms)
			DisableScriptedObjects (0ms)
			BackupInstance (0ms)
			ReleaseScriptingObjects (0ms)
			CreateAndSetChildDomain (1ms)
		EndReloadAssembly (602ms)
			LoadAssemblies (95ms)
			RebuildTransferFunctionScriptingTraits (0ms)
			SetupTypeCache (142ms)
			ReleaseScriptCaches (0ms)
			RebuildScriptCaches (36ms)
			SetupLoadedEditorAssemblies (358ms)
				LogAssemblyErrors (0ms)
				InitializePlatformSupportModulesInManaged (8ms)
				SetLoadedEditorAssemblies (0ms)
				RefreshPlugins (113ms)
				BeforeProcessingInitializeOnLoad (2ms)
				ProcessInitializeOnLoadAttributes (171ms)
				ProcessInitializeOnLoadMethodAttributes (63ms)
				AfterProcessingInitializeOnLoad (0ms)
				EditorAssembliesLoaded (0ms)
			ExecutionOrderSort2 (0ms)
			AwakeInstancesAfterBackupRestoration (0ms)
Platform modules already initialized, skipping
Registering precompiled user dll's ...
Registered in 0.005945 seconds.
Begin MonoManager ReloadAssembly
Symbol file LoadedFromMemory doesn't match image F:\Leonid Programmes\Unity\Projects\laser\Sandbox\Library\PackageCache\com.unity.visualscripting@1.7.8\Editor\VisualScripting.Core\Dependencies\YamlDotNet\Unity.VisualScripting.YamlDotNet.dll
Symbol file LoadedFromMemory doesn't match image F:\Leonid Programmes\Unity\Projects\laser\Sandbox\Library\PackageCache\com.unity.visualscripting@1.7.8\Editor\VisualScripting.Core\Dependencies\DotNetZip\Unity.VisualScripting.IonicZip.dll
Native extension for WindowsStandalone target not found
Refreshing native plugins compatible for Editor in 107.21 ms, found 4 plugins.
Preloading 0 native plugins for Editor in 0.00 ms.
Mono: successfully reloaded assembly
- Completed reload, in  2.936 seconds
Domain Reload Profiling:
	ReloadAssembly (2937ms)
		BeginReloadAssembly (149ms)
			ExecutionOrderSort (0ms)
			DisableScriptedObjects (7ms)
			BackupInstance (0ms)
			ReleaseScriptingObjects (0ms)
			CreateAndSetChildDomain (27ms)
		EndReloadAssembly (2460ms)
			LoadAssemblies (1265ms)
			RebuildTransferFunctionScriptingTraits (0ms)
			SetupTypeCache (319ms)
			ReleaseScriptCaches (1ms)
			RebuildScriptCaches (84ms)
			SetupLoadedEditorAssemblies (741ms)
				LogAssemblyErrors (0ms)
				InitializePlatformSupportModulesInManaged (6ms)
				SetLoadedEditorAssemblies (0ms)
				RefreshPlugins (107ms)
				BeforeProcessingInitializeOnLoad (126ms)
				ProcessInitializeOnLoadAttributes (386ms)
				ProcessInitializeOnLoadMethodAttributes (108ms)
				AfterProcessingInitializeOnLoad (8ms)
				EditorAssembliesLoaded (0ms)
			ExecutionOrderSort2 (0ms)
			AwakeInstancesAfterBackupRestoration (8ms)
Platform modules already initialized, skipping
========================================================================
Worker process is ready to serve import requests
Launched and connected shader compiler UnityShaderCompiler.exe after 0.18 seconds
Refreshing native plugins compatible for Editor in 1.50 ms, found 4 plugins.
Preloading 0 native plugins for Editor in 0.00 ms.
Unloading 4068 Unused Serialized files (Serialized files now loaded: 0)
Unloading 44 unused Assets / (229.5 KB). Loaded Objects now: 4518.
Memory consumption went from 151.3 MB to 151.1 MB.
Total: 4.305900 ms (FindLiveObjects: 0.499600 ms CreateObjectMapping: 0.477300 ms MarkObjects: 3.039300 ms  DeleteObjects: 0.288500 ms)

AssetImportParameters requested are different than current active one (requested -> active):
  custom:video-decoder-ogg-theora: a1e56fd34408186e4bbccfd4996cb3dc -> 
  custom:container-muxer-webm: aa71ff27fc2769a1b78a27578f13a17b -> 
  custom:container-demuxer-webm: 4f35f7cbe854078d1ac9338744f61a02 -> 
  custom:video-encoder-webm-vp8: eb34c28f22e8b96e1ab97ce403110664 -> 
  custom:audio-encoder-webm-vorbis: bf7c407c2cedff20999df2af8eb42d56 -> 
  custom:framework-win-MediaFoundation: 216162199b28c13a410421893ffa2e32 -> 
  custom:container-demuxer-ogg: 62fdf1f143b41e24485cea50d1cbac27 -> 
  custom:video-decoder-webm-vp8: 9c59270c3fd7afecdb556c50c9e8de78 -> 
  custom:audio-decoder-ogg-vorbis: bf7c407c2cedff20999df2af8eb42d56 -> 
========================================================================
Received Import Request.
  Time since last request: 3798.684293 seconds.
  path: Assets/Character/Superfighters_-1_1 (2).psd
  artifactKey: Guid(30c80781bc8642e43bf2dbb9f1bdc47c) Importer(815301076,1909f56bfc062723c751e8b465ee728b)
Start importing Assets/Character/Superfighters_-1_1 (2).psd using Guid(30c80781bc8642e43bf2dbb9f1bdc47c) Importer(815301076,1909f56bfc062723c751e8b465ee728b)  -> (artifact id: '2961b916f5773c6bcabe0ee9f6930baf') in 0.531892 seconds 
========================================================================
Received Prepare
Registering precompiled user dll's ...
Registered in 0.033670 seconds.
Begin MonoManager ReloadAssembly
Symbol file LoadedFromMemory doesn't match image F:\Leonid Programmes\Unity\Projects\laser\Sandbox\Library\PackageCache\com.unity.visualscripting@1.7.8\Editor\VisualScripting.Core\Dependencies\YamlDotNet\Unity.VisualScripting.YamlDotNet.dll
Symbol file LoadedFromMemory doesn't match image F:\Leonid Programmes\Unity\Projects\laser\Sandbox\Library\PackageCache\com.unity.visualscripting@1.7.8\Editor\VisualScripting.Core\Dependencies\DotNetZip\Unity.VisualScripting.IonicZip.dll
Native extension for WindowsStandalone target not found
Refreshing native plugins compatible for Editor in 99.31 ms, found 4 plugins.
Preloading 0 native plugins for Editor in 0.00 ms.
Mono: successfully reloaded assembly
- Completed reload, in  5.556 seconds
Domain Reload Profiling:
	ReloadAssembly (5576ms)
		BeginReloadAssembly (2222ms)
			ExecutionOrderSort (0ms)
			DisableScriptedObjects (28ms)
			BackupInstance (0ms)
			ReleaseScriptingObjects (0ms)
			CreateAndSetChildDomain (119ms)
		EndReloadAssembly (2947ms)
			LoadAssemblies (3140ms)
			RebuildTransferFunctionScriptingTraits (19ms)
			SetupTypeCache (447ms)
			ReleaseScriptCaches (2ms)
			RebuildScriptCaches (55ms)
			SetupLoadedEditorAssemblies (831ms)
				LogAssemblyErrors (0ms)
				InitializePlatformSupportModulesInManaged (137ms)
				SetLoadedEditorAssemblies (0ms)
				RefreshPlugins (99ms)
				BeforeProcessingInitializeOnLoad (143ms)
				ProcessInitializeOnLoadAttributes (345ms)
				ProcessInitializeOnLoadMethodAttributes (103ms)
				AfterProcessingInitializeOnLoad (4ms)
				EditorAssembliesLoaded (0ms)
			ExecutionOrderSort2 (0ms)
			AwakeInstancesAfterBackupRestoration (11ms)
Platform modules already initialized, skipping
Refreshing native plugins compatible for Editor in 22.71 ms, found 4 plugins.
Preloading 0 native plugins for Editor in 0.00 ms.
Unloading 4067 Unused Serialized files (Serialized files now loaded: 0)
Unloading 31 unused Assets / (195.9 KB). Loaded Objects now: 4532.
Memory consumption went from 155.9 MB to 155.7 MB.
Total: 55.457000 ms (FindLiveObjects: 0.375000 ms CreateObjectMapping: 0.142400 ms MarkObjects: 54.594700 ms  DeleteObjects: 0.343700 ms)

AssetImportParameters requested are different than current active one (requested -> active):
  custom:video-decoder-ogg-theora: a1e56fd34408186e4bbccfd4996cb3dc -> 
  custom:container-muxer-webm: aa71ff27fc2769a1b78a27578f13a17b -> 
  custom:container-demuxer-webm: 4f35f7cbe854078d1ac9338744f61a02 -> 
  custom:video-encoder-webm-vp8: eb34c28f22e8b96e1ab97ce403110664 -> 
  custom:audio-encoder-webm-vorbis: bf7c407c2cedff20999df2af8eb42d56 -> 
  custom:framework-win-MediaFoundation: 216162199b28c13a410421893ffa2e32 -> 
  custom:container-demuxer-ogg: 62fdf1f143b41e24485cea50d1cbac27 -> 
  custom:video-decoder-webm-vp8: 9c59270c3fd7afecdb556c50c9e8de78 -> 
  custom:audio-decoder-ogg-vorbis: bf7c407c2cedff20999df2af8eb42d56 -> 
========================================================================
Received Import Request.
  Time since last request: 747.819444 seconds.
  path: Assets/Character/Superfighters_-1_1 (1).psb
  artifactKey: Guid(21fec8655ae5b6e4d8a346a325b6f580) Importer(815301076,1909f56bfc062723c751e8b465ee728b)
Start importing Assets/Character/Superfighters_-1_1 (1).psb using Guid(21fec8655ae5b6e4d8a346a325b6f580) Importer(815301076,1909f56bfc062723c751e8b465ee728b)  -> (artifact id: '8c51aec62da7bc6787e5ab0580619b9d') in 2.347070 seconds 
========================================================================
Received Import Request.
  Time since last request: 1788.759431 seconds.
  path: Assets/Character/Superfighters_-1_1 (1).psb
  artifactKey: Guid(21fec8655ae5b6e4d8a346a325b6f580) Importer(815301076,1909f56bfc062723c751e8b465ee728b)
Start importing Assets/Character/Superfighters_-1_1 (1).psb using Guid(21fec8655ae5b6e4d8a346a325b6f580) Importer(815301076,1909f56bfc062723c751e8b465ee728b)  -> (artifact id: 'c8a8b99bd69036912c660fb16ede3cf1') in 0.522584 seconds 
========================================================================
Received Import Request.
  Time since last request: 709.300945 seconds.
  path: Assets/Character/Bald from brazzersa
  artifactKey: Guid(678eba661545453459210cf189789a4a) Importer(815301076,1909f56bfc062723c751e8b465ee728b)
Start importing Assets/Character/Bald from brazzersa using Guid(678eba661545453459210cf189789a4a) Importer(815301076,1909f56bfc062723c751e8b465ee728b)  -> (artifact id: '50037207cdfe272878994c926ac50a45') in 0.021731 seconds 
========================================================================
Received Import Request.
  Time since last request: 4.992750 seconds.
  path: Assets/Character/Bald from brazzers
  artifactKey: Guid(678eba661545453459210cf189789a4a) Importer(815301076,1909f56bfc062723c751e8b465ee728b)
Start importing Assets/Character/Bald from brazzers using Guid(678eba661545453459210cf189789a4a) Importer(815301076,1909f56bfc062723c751e8b465ee728b)  -> (artifact id: '90716994e011df9689024033e210c216') in 0.020088 seconds 
========================================================================
Received Import Request.
  Time since last request: 15.804684 seconds.
  path: Assets/Character/Bald from brazzers/Sprites
  artifactKey: Guid(baff82c732cb81644a1034587484c25b) Importer(815301076,1909f56bfc062723c751e8b465ee728b)
Start importing Assets/Character/Bald from brazzers/Sprites using Guid(baff82c732cb81644a1034587484c25b) Importer(815301076,1909f56bfc062723c751e8b465ee728b)  -> (artifact id: '76b1182b4a678de798b6043ce4a9cbb8') in 0.006756 seconds 
========================================================================
Received Import Request.
  Time since last request: 7.479880 seconds.
  path: Assets/Character/Bald from brazzers/Animations
  artifactKey: Guid(dff6064f8db6a4749a2bbac2d79bfc25) Importer(815301076,1909f56bfc062723c751e8b465ee728b)
Start importing Assets/Character/Bald from brazzers/Animations using Guid(dff6064f8db6a4749a2bbac2d79bfc25) Importer(815301076,1909f56bfc062723c751e8b465ee728b)  -> (artifact id: 'a3ce25ec578c97506dd144675e98968b') in 0.005324 seconds 
========================================================================
Received Import Request.
  Time since last request: 2297.468882 seconds.
  path: Assets/Character/Bald from brazzers/Animations/Bald from brazzers.controller
  artifactKey: Guid(911dd93c64fb955489b1f2771458dd64) Importer(815301076,1909f56bfc062723c751e8b465ee728b)
Start importing Assets/Character/Bald from brazzers/Animations/Bald from brazzers.controller using Guid(911dd93c64fb955489b1f2771458dd64) Importer(815301076,1909f56bfc062723c751e8b465ee728b)  -> (artifact id: 'fec8ad2367b19d938d63f8576b607587') in 1.320200 seconds 
========================================================================
Received Import Request.
  Time since last request: 367.910170 seconds.
  path: Assets/Character/Bald from brazzers/Sprites/Superfighters_-1_1 (1).psb
  artifactKey: Guid(21fec8655ae5b6e4d8a346a325b6f580) Importer(815301076,1909f56bfc062723c751e8b465ee728b)
Start importing Assets/Character/Bald from brazzers/Sprites/Superfighters_-1_1 (1).psb using Guid(21fec8655ae5b6e4d8a346a325b6f580) Importer(815301076,1909f56bfc062723c751e8b465ee728b)  -> (artifact id: 'fdf1e2d3ce58eff445b76159d9381b72') in 1.919199 seconds 
========================================================================
Received Import Request.
  Time since last request: 8.290478 seconds.
  path: Assets/Character/Bald from brazzers/Sprites/Superfighters_-1_1 (1).psb
  artifactKey: Guid(21fec8655ae5b6e4d8a346a325b6f580) Importer(815301076,1909f56bfc062723c751e8b465ee728b)
Start importing Assets/Character/Bald from brazzers/Sprites/Superfighters_-1_1 (1).psb using Guid(21fec8655ae5b6e4d8a346a325b6f580) Importer(815301076,1909f56bfc062723c751e8b465ee728b)  -> (artifact id: '3b3f92223254ef47e10b0cd7f06ef38c') in 0.871814 seconds 
========================================================================
Received Prepare
Registering precompiled user dll's ...
Registered in 0.039216 seconds.
Begin MonoManager ReloadAssembly
Symbol file LoadedFromMemory doesn't match image F:\Leonid Programmes\Unity\Projects\laser\Sandbox\Library\PackageCache\com.unity.visualscripting@1.7.8\Editor\VisualScripting.Core\Dependencies\YamlDotNet\Unity.VisualScripting.YamlDotNet.dll
Symbol file LoadedFromMemory doesn't match image F:\Leonid Programmes\Unity\Projects\laser\Sandbox\Library\PackageCache\com.unity.visualscripting@1.7.8\Editor\VisualScripting.Core\Dependencies\DotNetZip\Unity.VisualScripting.IonicZip.dll
Native extension for WindowsStandalone target not found
Refreshing native plugins compatible for Editor in 1.00 ms, found 4 plugins.
Preloading 0 native plugins for Editor in 0.00 ms.
Mono: successfully reloaded assembly
- Completed reload, in  9.641 seconds
Domain Reload Profiling:
	ReloadAssembly (9696ms)
		BeginReloadAssembly (5847ms)
			ExecutionOrderSort (0ms)
			DisableScriptedObjects (742ms)
			BackupInstance (0ms)
			ReleaseScriptingObjects (1ms)
			CreateAndSetChildDomain (1450ms)
		EndReloadAssembly (3430ms)
			LoadAssemblies (4313ms)
			RebuildTransferFunctionScriptingTraits (0ms)
			SetupTypeCache (1157ms)
			ReleaseScriptCaches (2ms)
			RebuildScriptCaches (54ms)
			SetupLoadedEditorAssemblies (621ms)
				LogAssemblyErrors (0ms)
				InitializePlatformSupportModulesInManaged (13ms)
				SetLoadedEditorAssemblies (1ms)
				RefreshPlugins (1ms)
				BeforeProcessingInitializeOnLoad (104ms)
				ProcessInitializeOnLoadAttributes (380ms)
				ProcessInitializeOnLoadMethodAttributes (118ms)
				AfterProcessingInitializeOnLoad (4ms)
				EditorAssembliesLoaded (0ms)
			ExecutionOrderSort2 (0ms)
			AwakeInstancesAfterBackupRestoration (11ms)
Platform modules already initialized, skipping
Refreshing native plugins compatible for Editor in 72.79 ms, found 4 plugins.
Preloading 0 native plugins for Editor in 0.00 ms.
Unloading 4067 Unused Serialized files (Serialized files now loaded: 0)
Unloading 31 unused Assets / (195.6 KB). Loaded Objects now: 4605.
Memory consumption went from 156.1 MB to 155.9 MB.
Total: 4.825900 ms (FindLiveObjects: 0.354300 ms CreateObjectMapping: 0.144000 ms MarkObjects: 4.084000 ms  DeleteObjects: 0.242700 ms)

AssetImportParameters requested are different than current active one (requested -> active):
  custom:video-decoder-ogg-theora: a1e56fd34408186e4bbccfd4996cb3dc -> 
  custom:container-muxer-webm: aa71ff27fc2769a1b78a27578f13a17b -> 
  custom:container-demuxer-webm: 4f35f7cbe854078d1ac9338744f61a02 -> 
  custom:video-encoder-webm-vp8: eb34c28f22e8b96e1ab97ce403110664 -> 
  custom:audio-encoder-webm-vorbis: bf7c407c2cedff20999df2af8eb42d56 -> 
  custom:framework-win-MediaFoundation: 216162199b28c13a410421893ffa2e32 -> 
  custom:container-demuxer-ogg: 62fdf1f143b41e24485cea50d1cbac27 -> 
  custom:video-decoder-webm-vp8: 9c59270c3fd7afecdb556c50c9e8de78 -> 
  custom:audio-decoder-ogg-vorbis: bf7c407c2cedff20999df2af8eb42d56 -> 
========================================================================
Received Prepare
Registering precompiled user dll's ...
Registered in 0.005349 seconds.
Begin MonoManager ReloadAssembly
Symbol file LoadedFromMemory doesn't match image F:\Leonid Programmes\Unity\Projects\laser\Sandbox\Library\PackageCache\com.unity.visualscripting@1.7.8\Editor\VisualScripting.Core\Dependencies\YamlDotNet\Unity.VisualScripting.YamlDotNet.dll
Symbol file LoadedFromMemory doesn't match image F:\Leonid Programmes\Unity\Projects\laser\Sandbox\Library\PackageCache\com.unity.visualscripting@1.7.8\Editor\VisualScripting.Core\Dependencies\DotNetZip\Unity.VisualScripting.IonicZip.dll
Native extension for WindowsStandalone target not found
Refreshing native plugins compatible for Editor in 0.78 ms, found 4 plugins.
Preloading 0 native plugins for Editor in 0.00 ms.
Mono: successfully reloaded assembly
- Completed reload, in  1.348 seconds
Domain Reload Profiling:
	ReloadAssembly (1349ms)
		BeginReloadAssembly (195ms)
			ExecutionOrderSort (0ms)
			DisableScriptedObjects (9ms)
			BackupInstance (0ms)
			ReleaseScriptingObjects (0ms)
			CreateAndSetChildDomain (74ms)
		EndReloadAssembly (992ms)
			LoadAssemblies (108ms)
			RebuildTransferFunctionScriptingTraits (0ms)
			SetupTypeCache (276ms)
			ReleaseScriptCaches (2ms)
			RebuildScriptCaches (52ms)
			SetupLoadedEditorAssemblies (459ms)
				LogAssemblyErrors (0ms)
				InitializePlatformSupportModulesInManaged (13ms)
				SetLoadedEditorAssemblies (1ms)
				RefreshPlugins (1ms)
				BeforeProcessingInitializeOnLoad (88ms)
				ProcessInitializeOnLoadAttributes (282ms)
				ProcessInitializeOnLoadMethodAttributes (71ms)
				AfterProcessingInitializeOnLoad (4ms)
				EditorAssembliesLoaded (0ms)
			ExecutionOrderSort2 (0ms)
			AwakeInstancesAfterBackupRestoration (11ms)
Platform modules already initialized, skipping
Refreshing native plugins compatible for Editor in 2.80 ms, found 4 plugins.
Preloading 0 native plugins for Editor in 0.00 ms.
Unloading 4067 Unused Serialized files (Serialized files now loaded: 0)
Unloading 31 unused Assets / (195.8 KB). Loaded Objects now: 4608.
Memory consumption went from 156.1 MB to 155.9 MB.
Total: 3.663300 ms (FindLiveObjects: 0.342000 ms CreateObjectMapping: 0.153500 ms MarkObjects: 2.867400 ms  DeleteObjects: 0.299100 ms)

AssetImportParameters requested are different than current active one (requested -> active):
  custom:video-decoder-ogg-theora: a1e56fd34408186e4bbccfd4996cb3dc -> 
  custom:container-muxer-webm: aa71ff27fc2769a1b78a27578f13a17b -> 
  custom:container-demuxer-webm: 4f35f7cbe854078d1ac9338744f61a02 -> 
  custom:video-encoder-webm-vp8: eb34c28f22e8b96e1ab97ce403110664 -> 
  custom:audio-encoder-webm-vorbis: bf7c407c2cedff20999df2af8eb42d56 -> 
  custom:framework-win-MediaFoundation: 216162199b28c13a410421893ffa2e32 -> 
  custom:container-demuxer-ogg: 62fdf1f143b41e24485cea50d1cbac27 -> 
  custom:video-decoder-webm-vp8: 9c59270c3fd7afecdb556c50c9e8de78 -> 
  custom:audio-decoder-ogg-vorbis: bf7c407c2cedff20999df2af8eb42d56 -> 
========================================================================
Received Import Request.
  Time since last request: 3146.152630 seconds.
  path: Assets/Character/Bald from brazzers/Animations/Idle.anim
  artifactKey: Guid(1e5949d2b8af30049a80f91dfa49fa85) Importer(815301076,1909f56bfc062723c751e8b465ee728b)
Start importing Assets/Character/Bald from brazzers/Animations/Idle.anim using Guid(1e5949d2b8af30049a80f91dfa49fa85) Importer(815301076,1909f56bfc062723c751e8b465ee728b)  -> (artifact id: 'd8959fe90d8e76e0a84e3c29c5c2197b') in 0.365857 seconds 
========================================================================
Received Import Request.
  Time since last request: 0.000036 seconds.
  path: Assets/Character/Bald from brazzers/Animations/Jump.anim
  artifactKey: Guid(21d726ffadc0e8643bd348e09db6a8d4) Importer(815301076,1909f56bfc062723c751e8b465ee728b)
Start importing Assets/Character/Bald from brazzers/Animations/Jump.anim using Guid(21d726ffadc0e8643bd348e09db6a8d4) Importer(815301076,1909f56bfc062723c751e8b465ee728b)  -> (artifact id: '173279548d6a170ede586388acdcfd3d') in 0.033199 seconds 
========================================================================
Received Import Request.
  Time since last request: 0.540200 seconds.
  path: Assets/Character/Bald from brazzers/Animations/Walk.anim
  artifactKey: Guid(356fa2ddd1618c84dbacf4ad53159169) Importer(815301076,1909f56bfc062723c751e8b465ee728b)
Start importing Assets/Character/Bald from brazzers/Animations/Walk.anim using Guid(356fa2ddd1618c84dbacf4ad53159169) Importer(815301076,1909f56bfc062723c751e8b465ee728b)  -> (artifact id: 'e1fdac50a00123a7799cde633bc39611') in 0.045340 seconds 
========================================================================
Received Import Request.
  Time since last request: 1.160902 seconds.
  path: Assets/Character/Bald from brazzers/Animations/Actual jump.anim
  artifactKey: Guid(452e6a64de7cff14d8eec70e70742437) Importer(815301076,1909f56bfc062723c751e8b465ee728b)
Start importing Assets/Character/Bald from brazzers/Animations/Actual jump.anim using Guid(452e6a64de7cff14d8eec70e70742437) Importer(815301076,1909f56bfc062723c751e8b465ee728b)  -> (artifact id: '5b8e29df9550b2a7ac02227300b47c5f') in 0.009900 seconds 
========================================================================
Received Import Request.
  Time since last request: 16.506689 seconds.
  path: Assets/Character/Bald from brazzers/Animations/Fly.anim
  artifactKey: Guid(21d726ffadc0e8643bd348e09db6a8d4) Importer(815301076,1909f56bfc062723c751e8b465ee728b)
Start importing Assets/Character/Bald from brazzers/Animations/Fly.anim using Guid(21d726ffadc0e8643bd348e09db6a8d4) Importer(815301076,1909f56bfc062723c751e8b465ee728b)  -> (artifact id: 'a9a7e53f761d314ca57c8348f5c8fd63') in 0.008789 seconds 
========================================================================
Received Import Request.
  Time since last request: 4.842844 seconds.
  path: Assets/Character/Bald from brazzers/Animations/Jump.anim
  artifactKey: Guid(452e6a64de7cff14d8eec70e70742437) Importer(815301076,1909f56bfc062723c751e8b465ee728b)
Start importing Assets/Character/Bald from brazzers/Animations/Jump.anim using Guid(452e6a64de7cff14d8eec70e70742437) Importer(815301076,1909f56bfc062723c751e8b465ee728b)  -> (artifact id: '96800a0575e1a862f054b46b20c72b84') in 0.003227 seconds 
========================================================================
Received Prepare
Registering precompiled user dll's ...
Registered in 0.009712 seconds.
Begin MonoManager ReloadAssembly
Symbol file LoadedFromMemory doesn't match image F:\Leonid Programmes\Unity\Projects\laser\Sandbox\Library\PackageCache\com.unity.visualscripting@1.7.8\Editor\VisualScripting.Core\Dependencies\YamlDotNet\Unity.VisualScripting.YamlDotNet.dll
Symbol file LoadedFromMemory doesn't match image F:\Leonid Programmes\Unity\Projects\laser\Sandbox\Library\PackageCache\com.unity.visualscripting@1.7.8\Editor\VisualScripting.Core\Dependencies\DotNetZip\Unity.VisualScripting.IonicZip.dll
Native extension for WindowsStandalone target not found
Refreshing native plugins compatible for Editor in 5.46 ms, found 4 plugins.
Preloading 0 native plugins for Editor in 0.00 ms.
Mono: successfully reloaded assembly
- Completed reload, in  2.156 seconds
Domain Reload Profiling:
	ReloadAssembly (2156ms)
		BeginReloadAssembly (285ms)
			ExecutionOrderSort (0ms)
			DisableScriptedObjects (12ms)
			BackupInstance (0ms)
			ReleaseScriptingObjects (0ms)
			CreateAndSetChildDomain (83ms)
		EndReloadAssembly (1754ms)
			LoadAssemblies (178ms)
			RebuildTransferFunctionScriptingTraits (0ms)
			SetupTypeCache (373ms)
			ReleaseScriptCaches (2ms)
			RebuildScriptCaches (63ms)
			SetupLoadedEditorAssemblies (1051ms)
				LogAssemblyErrors (0ms)
				InitializePlatformSupportModulesInManaged (27ms)
				SetLoadedEditorAssemblies (2ms)
				RefreshPlugins (6ms)
				BeforeProcessingInitializeOnLoad (272ms)
				ProcessInitializeOnLoadAttributes (529ms)
				ProcessInitializeOnLoadMethodAttributes (212ms)
				AfterProcessingInitializeOnLoad (4ms)
				EditorAssembliesLoaded (0ms)
			ExecutionOrderSort2 (0ms)
			AwakeInstancesAfterBackupRestoration (13ms)
Platform modules already initialized, skipping
Refreshing native plugins compatible for Editor in 231.78 ms, found 4 plugins.
Preloading 0 native plugins for Editor in 0.00 ms.
Unloading 4068 Unused Serialized files (Serialized files now loaded: 0)
Unloading 31 unused Assets / (196.1 KB). Loaded Objects now: 4612.
Memory consumption went from 156.2 MB to 156.0 MB.
Total: 31.924300 ms (FindLiveObjects: 0.365800 ms CreateObjectMapping: 0.308800 ms MarkObjects: 30.900900 ms  DeleteObjects: 0.347600 ms)

AssetImportParameters requested are different than current active one (requested -> active):
  custom:video-decoder-ogg-theora: a1e56fd34408186e4bbccfd4996cb3dc -> 
  custom:container-muxer-webm: aa71ff27fc2769a1b78a27578f13a17b -> 
  custom:container-demuxer-webm: 4f35f7cbe854078d1ac9338744f61a02 -> 
  custom:video-encoder-webm-vp8: eb34c28f22e8b96e1ab97ce403110664 -> 
  custom:audio-encoder-webm-vorbis: bf7c407c2cedff20999df2af8eb42d56 -> 
  custom:framework-win-MediaFoundation: 216162199b28c13a410421893ffa2e32 -> 
  custom:container-demuxer-ogg: 62fdf1f143b41e24485cea50d1cbac27 -> 
  custom:video-decoder-webm-vp8: 9c59270c3fd7afecdb556c50c9e8de78 -> 
  custom:audio-decoder-ogg-vorbis: bf7c407c2cedff20999df2af8eb42d56 -> 
